{"/Users/mac/Desktop/jest-test/app.js": {"path":"/Users/mac/Desktop/jest-test/app.js","statementMap":{"0":{"start":{"line":12,"column":4},"end":{"line":12,"column":22}},"1":{"start":{"line":15,"column":4},"end":{"line":15,"column":22}},"2":{"start":{"line":18,"column":0},"end":{"line":20,"column":1}}},"fnMap":{"0":{"name":"foo","decl":{"start":{"line":11,"column":9},"end":{"line":11,"column":12}},"loc":{"start":{"line":11,"column":18},"end":{"line":13,"column":1}},"line":11},"1":{"name":"bar","decl":{"start":{"line":14,"column":9},"end":{"line":14,"column":12}},"loc":{"start":{"line":14,"column":18},"end":{"line":16,"column":1}},"line":14}},"branchMap":{},"s":{"0":1,"1":1,"2":1},"f":{"0":1,"1":1},"b":{},"_coverageSchema":"43e27e138ebf9cfc5966b082cf9a028302ed4184","hash":"e29e8e064addaffd2f7f7944815b645223bd526f"}
}
